D:\GRAPHICS\GRAPHICSPAD\GRAPHICSPAD\DEBUG\TMP\MAINER.OBJ
D:\GRAPHICS\GRAPHICSPAD\GRAPHICSPAD\DEBUG\TMP\VC110.PDB
D:\GRAPHICS\GRAPHICSPAD\GRAPHICSPAD\DEBUG\TMP\MEGLWINDOW.OBJ
D:\GRAPHICS\GRAPHICSPAD\GRAPHICSPAD\DEBUG\TMP\MESHADERCODE.OBJ
D:\GRAPHICS\GRAPHICSPAD\DEBUG\GRAPHICSPAD.ILK
D:\GRAPHICS\GRAPHICSPAD\DEBUG\GRAPHICSPAD.EXE
D:\GRAPHICS\GRAPHICSPAD\DEBUG\GRAPHICSPAD.PDB
D:\Graphics\GraphicsPad\GraphicsPad\Debug\Tmp\Mainer.obj
D:\Graphics\GraphicsPad\GraphicsPad\Debug\Tmp\MeGlWindow.obj
D:\Graphics\GraphicsPad\GraphicsPad\Debug\Tmp\MeShaderCode.obj
D:\Graphics\GraphicsPad\GraphicsPad\Debug\Tmp\cl.command.1.tlog
D:\Graphics\GraphicsPad\GraphicsPad\Debug\Tmp\CL.read.1.tlog
D:\Graphics\GraphicsPad\GraphicsPad\Debug\Tmp\CL.write.1.tlog
D:\Graphics\GraphicsPad\GraphicsPad\Debug\Tmp\link-cvtres.read.1.tlog
D:\Graphics\GraphicsPad\GraphicsPad\Debug\Tmp\link-cvtres.write.1.tlog
D:\Graphics\GraphicsPad\GraphicsPad\Debug\Tmp\link-rc.read.1.tlog
D:\Graphics\GraphicsPad\GraphicsPad\Debug\Tmp\link-rc.write.1.tlog
D:\Graphics\GraphicsPad\GraphicsPad\Debug\Tmp\link.10424-cvtres.read.1.tlog
D:\Graphics\GraphicsPad\GraphicsPad\Debug\Tmp\link.10424-cvtres.write.1.tlog
D:\Graphics\GraphicsPad\GraphicsPad\Debug\Tmp\link.10424-rc.read.1.tlog
D:\Graphics\GraphicsPad\GraphicsPad\Debug\Tmp\link.10424-rc.write.1.tlog
D:\Graphics\GraphicsPad\GraphicsPad\Debug\Tmp\link.10424.read.1.tlog
D:\Graphics\GraphicsPad\GraphicsPad\Debug\Tmp\link.10424.write.1.tlog
D:\Graphics\GraphicsPad\GraphicsPad\Debug\Tmp\link.25276-cvtres.read.1.tlog
D:\Graphics\GraphicsPad\GraphicsPad\Debug\Tmp\link.25276-cvtres.write.1.tlog
D:\Graphics\GraphicsPad\GraphicsPad\Debug\Tmp\link.25276-rc.read.1.tlog
D:\Graphics\GraphicsPad\GraphicsPad\Debug\Tmp\link.25276-rc.write.1.tlog
D:\Graphics\GraphicsPad\GraphicsPad\Debug\Tmp\link.25276.read.1.tlog
D:\Graphics\GraphicsPad\GraphicsPad\Debug\Tmp\link.25276.write.1.tlog
D:\Graphics\GraphicsPad\GraphicsPad\Debug\Tmp\link.34704-cvtres.read.1.tlog
D:\Graphics\GraphicsPad\GraphicsPad\Debug\Tmp\link.34704-cvtres.write.1.tlog
D:\Graphics\GraphicsPad\GraphicsPad\Debug\Tmp\link.34704-rc.read.1.tlog
D:\Graphics\GraphicsPad\GraphicsPad\Debug\Tmp\link.34704-rc.write.1.tlog
D:\Graphics\GraphicsPad\GraphicsPad\Debug\Tmp\link.34704.read.1.tlog
D:\Graphics\GraphicsPad\GraphicsPad\Debug\Tmp\link.34704.write.1.tlog
D:\Graphics\GraphicsPad\GraphicsPad\Debug\Tmp\link.52136-cvtres.read.1.tlog
D:\Graphics\GraphicsPad\GraphicsPad\Debug\Tmp\link.52136-cvtres.write.1.tlog
D:\Graphics\GraphicsPad\GraphicsPad\Debug\Tmp\link.52136-rc.read.1.tlog
D:\Graphics\GraphicsPad\GraphicsPad\Debug\Tmp\link.52136-rc.write.1.tlog
D:\Graphics\GraphicsPad\GraphicsPad\Debug\Tmp\link.52136.read.1.tlog
D:\Graphics\GraphicsPad\GraphicsPad\Debug\Tmp\link.52136.write.1.tlog
D:\Graphics\GraphicsPad\GraphicsPad\Debug\Tmp\link.55748-cvtres.read.1.tlog
D:\Graphics\GraphicsPad\GraphicsPad\Debug\Tmp\link.55748-cvtres.write.1.tlog
D:\Graphics\GraphicsPad\GraphicsPad\Debug\Tmp\link.55748-rc.read.1.tlog
D:\Graphics\GraphicsPad\GraphicsPad\Debug\Tmp\link.55748-rc.write.1.tlog
D:\Graphics\GraphicsPad\GraphicsPad\Debug\Tmp\link.55748.read.1.tlog
D:\Graphics\GraphicsPad\GraphicsPad\Debug\Tmp\link.55748.write.1.tlog
D:\Graphics\GraphicsPad\GraphicsPad\Debug\Tmp\link.70592-cvtres.read.1.tlog
D:\Graphics\GraphicsPad\GraphicsPad\Debug\Tmp\link.70592-cvtres.write.1.tlog
D:\Graphics\GraphicsPad\GraphicsPad\Debug\Tmp\link.70592-rc.read.1.tlog
D:\Graphics\GraphicsPad\GraphicsPad\Debug\Tmp\link.70592-rc.write.1.tlog
D:\Graphics\GraphicsPad\GraphicsPad\Debug\Tmp\link.70592.read.1.tlog
D:\Graphics\GraphicsPad\GraphicsPad\Debug\Tmp\link.70592.write.1.tlog
D:\Graphics\GraphicsPad\GraphicsPad\Debug\Tmp\link.70960-cvtres.read.1.tlog
D:\Graphics\GraphicsPad\GraphicsPad\Debug\Tmp\link.70960-cvtres.write.1.tlog
D:\Graphics\GraphicsPad\GraphicsPad\Debug\Tmp\link.70960-rc.read.1.tlog
D:\Graphics\GraphicsPad\GraphicsPad\Debug\Tmp\link.70960-rc.write.1.tlog
D:\Graphics\GraphicsPad\GraphicsPad\Debug\Tmp\link.70960.read.1.tlog
D:\Graphics\GraphicsPad\GraphicsPad\Debug\Tmp\link.70960.write.1.tlog
D:\Graphics\GraphicsPad\GraphicsPad\Debug\Tmp\link.80436-cvtres.read.1.tlog
D:\Graphics\GraphicsPad\GraphicsPad\Debug\Tmp\link.80436-cvtres.write.1.tlog
D:\Graphics\GraphicsPad\GraphicsPad\Debug\Tmp\link.80436-rc.read.1.tlog
D:\Graphics\GraphicsPad\GraphicsPad\Debug\Tmp\link.80436-rc.write.1.tlog
D:\Graphics\GraphicsPad\GraphicsPad\Debug\Tmp\link.80436.read.1.tlog
D:\Graphics\GraphicsPad\GraphicsPad\Debug\Tmp\link.80436.write.1.tlog
D:\Graphics\GraphicsPad\GraphicsPad\Debug\Tmp\link.84024-cvtres.read.1.tlog
D:\Graphics\GraphicsPad\GraphicsPad\Debug\Tmp\link.84024-cvtres.write.1.tlog
D:\Graphics\GraphicsPad\GraphicsPad\Debug\Tmp\link.84024-rc.read.1.tlog
D:\Graphics\GraphicsPad\GraphicsPad\Debug\Tmp\link.84024-rc.write.1.tlog
D:\Graphics\GraphicsPad\GraphicsPad\Debug\Tmp\link.84024.read.1.tlog
D:\Graphics\GraphicsPad\GraphicsPad\Debug\Tmp\link.84024.write.1.tlog
D:\Graphics\GraphicsPad\GraphicsPad\Debug\Tmp\link.command.1.tlog
D:\Graphics\GraphicsPad\GraphicsPad\Debug\Tmp\link.read.1.tlog
D:\Graphics\GraphicsPad\GraphicsPad\Debug\Tmp\link.write.1.tlog
D:\Graphics\GraphicsPad\GraphicsPad\Debug\Tmp\vc110.idb
D:\Graphics\GraphicsPad\GraphicsPad\Debug\Tmp\vc110.pdb
D:\Graphics\GraphicsPad\Debug\GraphicsPad.pdb
D:\Graphics\GraphicsPad\Debug\GraphicsPad.exe
D:\Graphics\GraphicsPad\Debug\GraphicsPad.ilk
